
=== Thu Mar 21 18:49:07 2019

Packages were changed.
Update Mode: updateDependencies

The following packages were updated:
  com.unity.package-manager-ui from version 2.0.3 to 2.0.7

=== Wed Jun 12 21:56:52 2019

Packages were changed.
Update Mode: updateDependencies

The following packages were updated:
  com.unity.textmeshpro from version 1.3.0 to 1.4.1

=== Thu Jun 13 11:11:43 2019

Packages were changed.
Update Mode: updateDependencies

The following packages were added:
  com.unity.timeline@1.0.0
  com.unity.multiplayer-hlapi@1.0.2
  com.unity.xr.legacyinputhelpers@2.0.2
The following packages were updated:
  com.unity.collab-proxy from version 1.2.15 to 1.2.16
  com.unity.package-manager-ui from version 2.0.7 to 2.1.2
  com.unity.textmeshpro from version 1.4.1 to 2.0.1

=== Tue Aug 25 17:29:43 2020

Packages were changed.
Update Mode: updateDependencies

The following packages were added:
  com.unity.2d.sprite@1.0.0
  com.unity.2d.tilemap@1.0.0
  com.unity.ide.rider@1.1.4
  com.unity.ide.vscode@1.2.1
  com.unity.modules.androidjni@1.0.0
  com.unity.test-framework@1.1.14
  com.unity.ugui@1.0.0
The following packages were updated:
  com.unity.multiplayer-hlapi from version 1.0.2 to 1.0.6
  com.unity.timeline from version 1.0.0 to 1.2.6
  com.unity.xr.legacyinputhelpers from version 2.0.2 to 2.1.4
The following packages were removed:
  com.unity.package-manager-ui@2.1.2

=== Mon Oct 26 17:03:28 2020

Packages were changed.
Update Mode: updateDependencies

The following packages were updated:
  com.unity.test-framework from version 1.1.14 to 1.1.16
